<?xml version="1.0" encoding="UTF-8"?>
<!-- Generated by org.testng.reporters.JUnitReportReporter -->
<testsuite hostname="kanchans-MacBook-Air.local" failures="0" tests="3" name="EbayImplementation.ebayImplementation" time="49.342" errors="0" timestamp="2025-07-26T18:55:35 IST" skipped="0">
  <testcase classname="EbayImplementation.ebayImplementation" name="LaunchingtheURL" time="11.762"/>
  <system-out/>
  <testcase classname="EbayImplementation.ebayImplementation" name="EbaySearchBook" time="12.509"/>
  <system-out/>
  <testcase classname="EbayImplementation.ebayImplementation" name="SelectingthebookandAddToCartandValidate" time="25.071"/>
  <system-out/>
</testsuite> <!-- EbayImplementation.ebayImplementation -->
